/*C210*/SET SCHEMA PUBLIC
DISCONNECT
/*C208*/SET SCHEMA PUBLIC
DISCONNECT
/*C214*/SET SCHEMA PUBLIC
DISCONNECT
/*C213*/SET SCHEMA PUBLIC
DISCONNECT
/*C212*/SET SCHEMA PUBLIC
DISCONNECT
/*C211*/SET SCHEMA PUBLIC
DISCONNECT
/*C209*/SET SCHEMA PUBLIC
DISCONNECT
/*C216*/SET SCHEMA PUBLIC
INSERT INTO USER VALUES('Ray','sdasdsdaa@gmail.com','111111')
COMMIT
DISCONNECT
/*C207*/SET SCHEMA PUBLIC
DELETE FROM USER WHERE NAME='Ray' AND EMAIL='sdasdsdaa@gmail.com' AND PASSWORD='111111'
COMMIT
/*C221*/SET SCHEMA PUBLIC
INSERT INTO USER VALUES('Ray','sdasdsdaa@gmail.com','111111')
COMMIT
DISCONNECT
/*C215*/SET SCHEMA PUBLIC
DISCONNECT
/*C217*/SET SCHEMA PUBLIC
DISCONNECT
/*C218*/SET SCHEMA PUBLIC
DISCONNECT
/*C219*/SET SCHEMA PUBLIC
DISCONNECT
/*C220*/SET SCHEMA PUBLIC
DISCONNECT
/*C207*/DELETE FROM USER WHERE NAME='Ray' AND EMAIL='sdasdsdaa@gmail.com' AND PASSWORD='111111'
COMMIT
/*C224*/SET SCHEMA PUBLIC
INSERT INTO USER VALUES('Martina','martina@gmail.com','password')
COMMIT
DISCONNECT
/*C207*/DELETE FROM USER WHERE NAME='Martina' AND EMAIL='martina@gmail.com' AND PASSWORD='password'
COMMIT
/*C228*/SET SCHEMA PUBLIC
INSERT INTO USER VALUES('Martina','martina@gmail.com','password')
COMMIT
DISCONNECT
/*C230*/SET SCHEMA PUBLIC
DISCONNECT
/*C229*/SET SCHEMA PUBLIC
DISCONNECT
/*C227*/SET SCHEMA PUBLIC
DISCONNECT
/*C226*/SET SCHEMA PUBLIC
DISCONNECT
/*C225*/SET SCHEMA PUBLIC
DISCONNECT
/*C223*/SET SCHEMA PUBLIC
DISCONNECT
/*C222*/SET SCHEMA PUBLIC
DISCONNECT
/*C231*/SET SCHEMA PUBLIC
DISCONNECT
/*C232*/SET SCHEMA PUBLIC
DISCONNECT
/*C234*/SET SCHEMA PUBLIC
DISCONNECT
/*C235*/SET SCHEMA PUBLIC
DISCONNECT
/*C233*/SET SCHEMA PUBLIC
DISCONNECT
/*C236*/SET SCHEMA PUBLIC
DISCONNECT
/*C238*/SET SCHEMA PUBLIC
DISCONNECT
/*C237*/SET SCHEMA PUBLIC
DISCONNECT
/*C240*/SET SCHEMA PUBLIC
INSERT INTO MOVIES VALUES('Avatar','Mike Myers','2011','martina@gmail.com')
COMMIT
DISCONNECT
/*C243*/SET SCHEMA PUBLIC
INSERT INTO MOVIES VALUES('Inception','Leo DiCaprio','2010','martina@gmail.com')
COMMIT
DISCONNECT
/*C245*/SET SCHEMA PUBLIC
DISCONNECT
/*C242*/SET SCHEMA PUBLIC
DISCONNECT
/*C244*/SET SCHEMA PUBLIC
DISCONNECT
/*C241*/SET SCHEMA PUBLIC
DISCONNECT
/*C239*/SET SCHEMA PUBLIC
DISCONNECT
/*C247*/SET SCHEMA PUBLIC
DELETE FROM MOVIES WHERE TITLE='Avatar' AND STAR='Mike Myers' AND YEAR='2011' AND EMAIL='martina@gmail.com'
INSERT INTO MOVIES VALUES('Avatar','Mike My','2011','martina@gmail.com')
COMMIT
DELETE FROM MOVIES WHERE TITLE='Avatar' AND STAR='Mike My' AND YEAR='2011' AND EMAIL='martina@gmail.com'
INSERT INTO MOVIES VALUES('Avatar','Mike My','2050','martina@gmail.com')
COMMIT
DISCONNECT
/*C249*/SET SCHEMA PUBLIC
DELETE FROM MOVIES WHERE TITLE='Avatar' AND STAR='Mike My' AND YEAR='2050' AND EMAIL='martina@gmail.com'
COMMIT
/*C254*/SET SCHEMA PUBLIC
DISCONNECT
/*C246*/SET SCHEMA PUBLIC
DISCONNECT
/*C248*/SET SCHEMA PUBLIC
DISCONNECT
/*C249*/DISCONNECT
/*C250*/SET SCHEMA PUBLIC
DISCONNECT
/*C251*/SET SCHEMA PUBLIC
DISCONNECT
/*C252*/SET SCHEMA PUBLIC
DISCONNECT
/*C253*/SET SCHEMA PUBLIC
DISCONNECT
/*C255*/SET SCHEMA PUBLIC
DISCONNECT
/*C256*/SET SCHEMA PUBLIC
DISCONNECT
/*C257*/SET SCHEMA PUBLIC
DISCONNECT
/*C258*/SET SCHEMA PUBLIC
DISCONNECT
/*C262*/SET SCHEMA PUBLIC
DISCONNECT
/*C266*/SET SCHEMA PUBLIC
INSERT INTO MOVIES VALUES('Inception','Leo DiCaprio','2010','martina@gmail.com')
COMMIT
DISCONNECT
/*C267*/SET SCHEMA PUBLIC
DISCONNECT
/*C265*/SET SCHEMA PUBLIC
DISCONNECT
/*C263*/SET SCHEMA PUBLIC
DISCONNECT
/*C259*/SET SCHEMA PUBLIC
DISCONNECT
/*C260*/SET SCHEMA PUBLIC
DISCONNECT
/*C261*/SET SCHEMA PUBLIC
DISCONNECT
/*C264*/SET SCHEMA PUBLIC
DISCONNECT
/*C269*/SET SCHEMA PUBLIC
DISCONNECT
/*C268*/SET SCHEMA PUBLIC
DISCONNECT
/*C271*/SET SCHEMA PUBLIC
DELETE FROM MOVIES WHERE TITLE='Inception' AND STAR='Leo DiCaprio' AND YEAR='2010' AND EMAIL='martina@gmail.com'
DELETE FROM MOVIES WHERE TITLE='Inception' AND STAR='Leo DiCaprio' AND YEAR='2010' AND EMAIL='martina@gmail.com'
COMMIT
/*C281*/SET SCHEMA PUBLIC
DISCONNECT
/*C270*/SET SCHEMA PUBLIC
DISCONNECT
/*C272*/SET SCHEMA PUBLIC
DISCONNECT
/*C278*/SET SCHEMA PUBLIC
DISCONNECT
/*C280*/SET SCHEMA PUBLIC
DISCONNECT
/*C282*/SET SCHEMA PUBLIC
DISCONNECT
/*C271*/DISCONNECT
/*C279*/SET SCHEMA PUBLIC
DISCONNECT
/*C277*/SET SCHEMA PUBLIC
DISCONNECT
/*C273*/SET SCHEMA PUBLIC
DISCONNECT
/*C274*/SET SCHEMA PUBLIC
DISCONNECT
/*C275*/SET SCHEMA PUBLIC
DISCONNECT
/*C276*/SET SCHEMA PUBLIC
DISCONNECT
/*C283*/SET SCHEMA PUBLIC
DISCONNECT
/*C285*/SET SCHEMA PUBLIC
DISCONNECT
/*C284*/SET SCHEMA PUBLIC
DISCONNECT
/*C287*/SET SCHEMA PUBLIC
INSERT INTO MOVIES VALUES('Inception','Leo DiCaprio','2010','martina@gmail.com')
COMMIT
DISCONNECT
/*C289*/SET SCHEMA PUBLIC
DISCONNECT
/*C286*/SET SCHEMA PUBLIC
DISCONNECT
/*C290*/SET SCHEMA PUBLIC
DISCONNECT
/*C288*/SET SCHEMA PUBLIC
DISCONNECT
/*C293*/SET SCHEMA PUBLIC
INSERT INTO USER VALUES('Ray','fhfhgfgh@hffh','111111')
COMMIT
DISCONNECT
/*C292*/SET SCHEMA PUBLIC
DISCONNECT
/*C294*/SET SCHEMA PUBLIC
DISCONNECT
/*C291*/SET SCHEMA PUBLIC
DISCONNECT
/*C296*/SET SCHEMA PUBLIC
DISCONNECT
/*C297*/SET SCHEMA PUBLIC
DISCONNECT
/*C298*/SET SCHEMA PUBLIC
DISCONNECT
/*C299*/SET SCHEMA PUBLIC
DISCONNECT
/*C295*/SET SCHEMA PUBLIC
DISCONNECT
/*C304*/SET SCHEMA PUBLIC
DELETE FROM MOVIES WHERE TITLE='Inception' AND STAR='Leo DiCaprio' AND YEAR='2010' AND EMAIL='ray@gmail.com'
INSERT INTO MOVIES VALUES('Inception','Leo DiCaprio2','2010','ray@gmail.com')
COMMIT
DELETE FROM MOVIES WHERE TITLE='Inception' AND STAR='Leo DiCaprio2' AND YEAR='2010' AND EMAIL='ray@gmail.com'
INSERT INTO MOVIES VALUES('Inception','Leo DiCaprio2','2010','ray@gmail.com')
COMMIT
DISCONNECT
/*C309*/SET SCHEMA PUBLIC
DELETE FROM MOVIES WHERE TITLE='Inception' AND STAR='Leo DiCaprio2' AND YEAR='2010' AND EMAIL='ray@gmail.com'
INSERT INTO MOVIES VALUES('Inception','Leo DiCaprio','2010','ray@gmail.com')
COMMIT
DELETE FROM MOVIES WHERE TITLE='Inception' AND STAR='Leo DiCaprio' AND YEAR='2010' AND EMAIL='ray@gmail.com'
INSERT INTO MOVIES VALUES('Inception','Leo DiCaprio','2010','ray@gmail.com')
COMMIT
DISCONNECT
/*C310*/SET SCHEMA PUBLIC
DISCONNECT
/*C308*/SET SCHEMA PUBLIC
DISCONNECT
/*C307*/SET SCHEMA PUBLIC
DISCONNECT
/*C306*/SET SCHEMA PUBLIC
DISCONNECT
/*C303*/SET SCHEMA PUBLIC
DISCONNECT
/*C305*/SET SCHEMA PUBLIC
DISCONNECT
/*C302*/SET SCHEMA PUBLIC
DISCONNECT
/*C301*/SET SCHEMA PUBLIC
DISCONNECT
/*C300*/SET SCHEMA PUBLIC
DISCONNECT
